2025-02-03 23:34:54,875 - api - INFO - ---------------------------------------------------------------------------------------------------
2025-02-03 23:34:54,876 - api - INFO - Iniciando API
2025-02-03 23:34:54,876 - api - INFO - Configurando acesso ao Pydantic Logfire.
2025-02-03 23:34:55,038 - api - INFO - Adicionando rotas.
2025-02-03 23:34:55,049 - api - INFO - Configurando o instrumentador de métricas do cliente do Prometheus.
2025-02-03 23:34:55,049 - api - INFO - Definindo o endpoint de coleta de métricas a ser usado pelo servidor do Prometheus.
2025-02-03 23:34:55,050 - api - INFO - Realizando configuração inicial da API
2025-02-03 23:34:55,050 - api - INFO - Adicionando middleware para CORS
2025-02-03 23:50:07,879 - api - INFO - ---------------------------------------------------------------------------------------------------
2025-02-03 23:50:07,879 - api - INFO - Iniciando API
2025-02-03 23:50:07,881 - api - INFO - Configurando acesso ao Pydantic Logfire.
2025-02-03 23:50:08,035 - api - INFO - Adicionando rotas.
2025-02-03 23:50:08,050 - api - INFO - Configurando o instrumentador de métricas do cliente do Prometheus.
2025-02-03 23:50:08,050 - api - INFO - Definindo o endpoint de coleta de métricas a ser usado pelo servidor do Prometheus.
2025-02-03 23:50:08,051 - api - INFO - Realizando configuração inicial da API
2025-02-03 23:50:08,051 - api - INFO - Adicionando middleware para CORS
2025-02-04 00:01:54,111 - api - INFO - ---------------------------------------------------------------------------------------------------
2025-02-04 00:01:54,112 - api - INFO - Iniciando API
2025-02-04 00:01:54,113 - api - INFO - Configurando acesso ao Pydantic Logfire.
2025-02-04 00:01:54,155 - api - INFO - Adicionando rotas.
2025-02-04 00:01:54,159 - api - INFO - Configurando o instrumentador de métricas do cliente do Prometheus.
2025-02-04 00:01:54,159 - api - INFO - Definindo o endpoint de coleta de métricas a ser usado pelo servidor do Prometheus.
2025-02-04 00:01:54,159 - api - INFO - Realizando configuração inicial da API
2025-02-04 00:01:54,159 - api - INFO - Adicionando middleware para CORS
2025-02-04 00:58:19,496 - api - INFO - ---------------------------------------------------------------------------------------------------
2025-02-04 00:58:19,497 - api - INFO - Iniciando API
2025-02-04 00:58:19,497 - api - INFO - Configurando acesso ao Pydantic Logfire.
2025-02-04 00:58:19,545 - api - INFO - Adicionando rotas.
2025-02-04 00:58:19,548 - api - INFO - Configurando o instrumentador de métricas do cliente do Prometheus.
2025-02-04 00:58:19,548 - api - INFO - Definindo o endpoint de coleta de métricas a ser usado pelo servidor do Prometheus.
2025-02-04 00:58:19,549 - api - INFO - Realizando configuração inicial da API
2025-02-04 00:58:19,549 - api - INFO - Adicionando middleware para CORS
2025-02-04 23:16:18,309 - api - INFO - ---------------------------------------------------------------------------------------------------
2025-02-04 23:16:18,309 - api - INFO - Iniciando API
2025-02-04 23:16:18,309 - api - INFO - Configurando acesso ao Pydantic Logfire.
2025-02-04 23:16:18,352 - api - INFO - Adicionando rotas.
2025-02-04 23:16:18,355 - api - INFO - Configurando o instrumentador de métricas do cliente do Prometheus.
2025-02-04 23:16:18,355 - api - INFO - Definindo o endpoint de coleta de métricas a ser usado pelo servidor do Prometheus.
2025-02-04 23:16:18,356 - api - INFO - Realizando configuração inicial da API
2025-02-04 23:16:18,356 - api - INFO - Adicionando middleware para CORS
2025-02-04 23:47:50,528 - api - INFO - ---------------------------------------------------------------------------------------------------
2025-02-04 23:47:50,529 - api - INFO - Iniciando API
2025-02-04 23:47:50,529 - api - INFO - Configurando acesso ao Pydantic Logfire.
2025-02-04 23:47:50,570 - api - INFO - Adicionando rotas.
2025-02-04 23:47:50,574 - api - INFO - Configurando o instrumentador de métricas do cliente do Prometheus.
2025-02-04 23:47:50,574 - api - INFO - Definindo o endpoint de coleta de métricas a ser usado pelo servidor do Prometheus.
2025-02-04 23:47:50,574 - api - INFO - Realizando configuração inicial da API
2025-02-04 23:47:50,574 - api - INFO - Adicionando middleware para CORS
2025-02-04 23:58:28,120 - api - INFO - ---------------------------------------------------------------------------------------------------
2025-02-04 23:58:28,120 - api - INFO - Iniciando API
2025-02-04 23:58:28,121 - api - INFO - Configurando acesso ao Pydantic Logfire.
2025-02-04 23:58:28,163 - api - INFO - Adicionando rotas.
2025-02-04 23:58:28,168 - api - INFO - Configurando o instrumentador de métricas do cliente do Prometheus.
2025-02-04 23:58:28,168 - api - INFO - Definindo o endpoint de coleta de métricas a ser usado pelo servidor do Prometheus.
2025-02-04 23:58:28,168 - api - INFO - Realizando configuração inicial da API
2025-02-04 23:58:28,168 - api - INFO - Adicionando middleware para CORS
