2025-01-30 20:24:20,701 - setup - INFO - ---------------------------------------------------------------------------------------------------
2025-01-30 20:24:20,702 - setup - INFO - Buscando rotas em api/controllers
2025-01-30 20:24:20,702 - setup - DEBUG - Módulos encontrados: ['__init__.py', 'datalake_controller.py', 'model_controller.py']
2025-01-30 20:24:20,702 - setup - INFO - Carregando rotas de : __init__.py
2025-01-30 20:24:20,703 - setup - INFO - Extraindo atributos do módulo __init__
2025-01-30 20:24:20,703 - setup - WARNING - Nenhuma rota encontrada no módulo __init__
2025-01-30 20:24:20,704 - setup - INFO - Carregando rotas de : datalake_controller.py
2025-01-30 20:24:20,704 - setup - INFO - Extraindo atributos do módulo datalake_controller
2025-01-30 20:24:20,706 - setup - INFO - Rotas carregadas de datalake_controller 
2025-01-30 20:24:20,706 - setup - INFO - Carregando rotas de : model_controller.py
2025-01-30 20:24:20,706 - setup - INFO - Extraindo atributos do módulo model_controller
2025-01-30 20:24:20,708 - setup - INFO - Rotas carregadas de model_controller 
2025-01-30 20:34:48,575 - setup - INFO - ---------------------------------------------------------------------------------------------------
2025-01-30 20:34:48,575 - setup - INFO - Buscando rotas em api/controllers
2025-01-30 20:34:48,575 - setup - DEBUG - Módulos encontrados: ['__init__.py', 'datalake_controller.py', 'model_controller.py']
2025-01-30 20:34:48,575 - setup - INFO - Carregando rotas de : __init__.py
2025-01-30 20:34:48,575 - setup - INFO - Extraindo atributos do módulo __init__
2025-01-30 20:34:48,575 - setup - WARNING - Nenhuma rota encontrada no módulo __init__
2025-01-30 20:34:48,576 - setup - INFO - Carregando rotas de : datalake_controller.py
2025-01-30 20:34:48,576 - setup - INFO - Extraindo atributos do módulo datalake_controller
2025-01-30 20:34:48,577 - setup - INFO - Rotas carregadas de datalake_controller 
2025-01-30 20:34:48,577 - setup - INFO - Carregando rotas de : model_controller.py
2025-01-30 20:34:48,577 - setup - INFO - Extraindo atributos do módulo model_controller
2025-01-30 20:34:48,579 - setup - INFO - Rotas carregadas de model_controller 
2025-01-30 20:47:10,383 - setup - INFO - ---------------------------------------------------------------------------------------------------
2025-01-30 20:47:10,383 - setup - INFO - Buscando rotas em api/controllers
2025-01-30 20:47:10,383 - setup - DEBUG - Módulos encontrados: ['__init__.py', 'datalake_controller.py', 'model_controller.py']
2025-01-30 20:47:10,384 - setup - INFO - Carregando rotas de : __init__.py
2025-01-30 20:47:10,384 - setup - INFO - Extraindo atributos do módulo __init__
2025-01-30 20:47:10,384 - setup - WARNING - Nenhuma rota encontrada no módulo __init__
2025-01-30 20:47:10,384 - setup - INFO - Carregando rotas de : datalake_controller.py
2025-01-30 20:47:10,384 - setup - INFO - Extraindo atributos do módulo datalake_controller
2025-01-30 20:47:10,385 - setup - INFO - Rotas carregadas de datalake_controller 
2025-01-30 20:47:10,385 - setup - INFO - Carregando rotas de : model_controller.py
2025-01-30 20:47:10,385 - setup - INFO - Extraindo atributos do módulo model_controller
2025-01-30 20:47:10,387 - setup - INFO - Rotas carregadas de model_controller 
2025-01-30 20:53:22,399 - setup - INFO - ---------------------------------------------------------------------------------------------------
2025-01-30 20:53:22,399 - setup - INFO - Buscando rotas em api/controllers
2025-01-30 20:53:22,399 - setup - DEBUG - Módulos encontrados: ['__init__.py', 'datalake_controller.py', 'model_controller.py']
2025-01-30 20:53:22,400 - setup - INFO - Carregando rotas de : __init__.py
2025-01-30 20:53:22,400 - setup - INFO - Extraindo atributos do módulo __init__
2025-01-30 20:53:22,400 - setup - WARNING - Nenhuma rota encontrada no módulo __init__
2025-01-30 20:53:22,401 - setup - INFO - Carregando rotas de : datalake_controller.py
2025-01-30 20:53:22,401 - setup - INFO - Extraindo atributos do módulo datalake_controller
2025-01-30 20:53:22,402 - setup - INFO - Rotas carregadas de datalake_controller 
2025-01-30 20:53:22,402 - setup - INFO - Carregando rotas de : model_controller.py
2025-01-30 20:53:22,402 - setup - INFO - Extraindo atributos do módulo model_controller
2025-01-30 20:53:22,403 - setup - INFO - Rotas carregadas de model_controller 
2025-01-30 21:02:46,612 - setup - INFO - ---------------------------------------------------------------------------------------------------
2025-01-30 21:02:46,612 - setup - INFO - Buscando rotas em api/controllers
2025-01-30 21:02:46,613 - setup - DEBUG - Módulos encontrados: ['__init__.py', 'datalake_controller.py', 'model_controller.py']
2025-01-30 21:02:46,613 - setup - INFO - Carregando rotas de : __init__.py
2025-01-30 21:02:46,613 - setup - INFO - Extraindo atributos do módulo __init__
2025-01-30 21:02:46,613 - setup - WARNING - Nenhuma rota encontrada no módulo __init__
2025-01-30 21:02:46,613 - setup - INFO - Carregando rotas de : datalake_controller.py
2025-01-30 21:02:46,613 - setup - INFO - Extraindo atributos do módulo datalake_controller
2025-01-30 21:02:46,614 - setup - INFO - Rotas carregadas de datalake_controller 
2025-01-30 21:02:46,614 - setup - INFO - Carregando rotas de : model_controller.py
2025-01-30 21:02:46,614 - setup - INFO - Extraindo atributos do módulo model_controller
2025-01-30 21:02:46,615 - setup - INFO - Rotas carregadas de model_controller 
